Sat Jan 16 20:35:10 EET 2021 : Apache Derby Network Server - 10.14.2.0 - (1828579) started and ready to accept connections on port 1527
----------------------------------------------------------------
Sat Jan 16 20:35:10 EET 2021:
Booting Derby version The Apache Software Foundation - Apache Derby - 10.14.2.0 - (1828579): instance a816c00e-0177-0c7a-bacb-ffffa0cd7ea7 
on database directory D:\sab\inginerie software\proiect sima\ProiectJava\ProiectJava with class loader sun.misc.Launcher$AppClassLoader@1d44bcfa 
Loaded from file:/C:/Users/neago/GlassFish_Server/javadb/lib/derby.jar
java.vendor=Oracle Corporation
java.runtime.version=1.8.0_261-b12
user.dir=C:\Users\neago\GlassFish_Server\javadb
os.name=Windows 10
os.arch=amd64
os.version=10.0
derby.system.home=D:\sab\inginerie software\proiect sima\ProiectJava
Database Class Loader started - derby.database.classpath=''
----------------------------------------------------------------
Sat Jan 16 20:35:11 EET 2021:
Shutting down instance a816c00e-0177-0c7a-bacb-ffffa0cd7ea7 on database directory D:\sab\inginerie software\proiect sima\ProiectJava\ProiectJava with class loader sun.misc.Launcher$AppClassLoader@1d44bcfa 
Sat Jan 16 20:35:11 EET 2021 Thread[DRDAConnThread_3,5,main] (DATABASE = ProiectJava), (DRDAID = {2}), Database 'ProiectJava' shutdown.
----------------------------------------------------------------
Sat Jan 16 20:43:34 EET 2021:
Booting Derby version The Apache Software Foundation - Apache Derby - 10.14.2.0 - (1828579): instance 6ede40af-0177-0c7a-bacb-ffffa0cd7ea7 
on database directory D:\sab\inginerie software\proiect sima\ProiectJava\ProiectJava with class loader sun.misc.Launcher$AppClassLoader@1d44bcfa 
Loaded from file:/C:/Users/neago/GlassFish_Server/javadb/lib/derby.jar
java.vendor=Oracle Corporation
java.runtime.version=1.8.0_261-b12
user.dir=C:\Users\neago\GlassFish_Server\javadb
os.name=Windows 10
os.arch=amd64
os.version=10.0
derby.system.home=D:\sab\inginerie software\proiect sima\ProiectJava
Database Class Loader started - derby.database.classpath=''
